<?xml version="1.0" encoding="UTF-8"?>
<testng-results ignored="0" total="1" passed="1" failed="0" skipped="0">
  <reporter-output>
  </reporter-output>
  <suite started-at="2024-12-05T19:58:55 IST" name="Default suite" finished-at="2024-12-05T19:59:12 IST" duration-ms="16641">
    <groups>
    </groups>
    <test started-at="2024-12-05T19:58:55 IST" name="Default test" finished-at="2024-12-05T19:59:12 IST" duration-ms="16641">
      <class name="testNG.TakeScreenShotEx">
        <test-method signature="M1()[pri:0, instance:testNG.TakeScreenShotEx@4229bb3f]" started-at="2024-12-05T19:58:55 IST" name="M1" finished-at="2024-12-05T19:59:12 IST" duration-ms="16562" status="PASS">
          <reporter-output>
          </reporter-output>
        </test-method> <!-- M1 -->
      </class> <!-- testNG.TakeScreenShotEx -->
    </test> <!-- Default test -->
  </suite> <!-- Default suite -->
</testng-results>
